3
$71#tempositions$27#temp agencies nyc$26#school professionals$25#compuforce$20#temp positions$15#tempositions com$13#nyc temp agencies$11#on call counsel$10#password$9#tempositions group of companies$7#temp agencies in nyc$7#eden hospitality$7#login$6#tempositions ewa$6#temposition  ewa$5#temp agency new york city$5#schoolprofessionals$4#eden staffing$4#tempositions eden hospitality$4#temp postions$4#temp agency nyc$4#temporary employment agencies wall st$4#hr staffing solutions$4#temppositions com$4#schoolprofessionals com$3#temposition ewa$3#temporary staffing agencies in new york$3#supervisor$3#counsel on call$2#new york temp agency$2#the desktop group$2#temposition$2#hr solutions staffing$2#temporary sf position$2#hr temp agencies nyc$2#what are tem positions$2#temp agency  new york city$2#tem positions group queens$2#temporary employment agenciew in new york$2#temppositions$2#temporary employment agencies nyc$2#tempositions inc$2#desktopgroup com$2#temp agencies norwalk ct$2#temporary employment agency norwalk$2#group of companies home$2#temp staffing agencies in nyc$2#compuforce tech$2#hospitality employment agencies nyc$2#temporary employment staffing agency new york$2#list of temporary employment agencies$2#temp agency$2#temp positions sf$2#temp agency new york$2#new york city employment agencies   it positions$2#temp human resources agencies nyc$2#temp  emploment agencys in new york$2#vintage temp positions$2#temp agency in new york$2#staffing agencies$2#tempositions san francisco$2#temp agencies melville ny$2#on call counsel peter smith$2#the school proffessinals$2#school professionals com$2#jim essey$2#hr staffing$2#email$2#marc goloven$1#temp positions nyc$1#creative temp jobs in nyc$1#hr temp jobs nyc$1#temporary emplotment agencies in nyc$1#hr temp staffing nyc$1#connecticut$1#tempositions group of companies address$1#compuforce com$1#oncallcounsel$1#on call counsel san francisco$1#creative recruiters nyc$1#tenpositions group$1#the tempositions group of companies$1#temporary staffing new york$1#temposiitions$1#temporary employment agencies$1#temp positions in new york$1#temporary staffing agencies nyc$1#tempositions group$1#legal hr notes$1#david b  de wetter$1#school$1#eden temp$1#by law health screening questions employers may ask prospective employees$1#can an employer make an applicant pay for a consumer report$1#nys law where drug testing must be done private employers$1#tell employee she is not dressing professional hair color$1#innovative hr round table with employees$1#sexual$1#toronda miller nyc$1#true zoom off  iceurlflag    iceurl true$1#tempositions health care
/site/home.aspx$89#tempositions$38#temp agencies nyc$37#eden temp supp$36#compuforce$31#magill associates$29#temp positions$19#nyc temp agencies$15#eden hospitality$15#tempositions group of companies$14#on call counsel$10#tempositions com$8#temp agencies in nyc$7#temp agency new york city$7#magill$6#tempositions eden hospitality$6#temp postions$6#hr staffing solutions$6#edan temp supp$6#temp agency nyc$6#temporary employment agencies wall st$6#temppositions com$6#temp agency$5#eden staffing$5#counsel on call$3#temposition$3#temporary staffing agencies in new york$3#temporary sf position$3#hr temp agencies nyc$3#magillstaff com$3#magill staff$3#what are tem positions$3#eden temp sup$3#temp agency  new york city$3#tem positions group queens$3#temporary employment agenciew in new york$3#temppositions$3#by law health screening questions employers may ask prospective employees$3#tell employee she is not dressing professional hair color$3#temporary employment agencies nyc$3#tempositions inc$3#desktopgroup com$3#temp agencies norwalk ct$3#innovative hr round table with employees$3#temporary employment agency norwalk$3#sexual$3#group of companies home$3#staffing agencies$3#temp staffing agencies in nyc$3#can an employer make an applicant pay for a consumer report$3#compuforce tech$3#nys law where drug testing must be done private employers$3#hospitality employment agencies nyc$3#temporary employment staffing agency new york$3#list of temporary employment agencies$3#temp positions sf$3#hr staffing$3#tempositions san francisco$3#temp agencies melville ny$3#temp agency new york$3#new york city employment agencies   it positions$3#temp human resources agencies nyc$3#toronda miller nyc$3#temp  emploment agencys in new york$3#vintage temp positions$3#temp agency in new york$3#true zoom off  iceurlflag    iceurl true$3#marc goloven$2#toronda miller$2#temp agencies$2#new york temp agency$2#the desktop group$1#temp positions nyc$1#creative temp jobs in nyc$1#tempositions hospitality$1#hr temp jobs nyc$1#temporary emplotment agencies in nyc$1#hr temp staffing nyc$1#tempositions group$1#legal hr notes$1#connecticut$1#eden temp$1#tempositions group of companies address$1#compuforce com$1#hipaa high tech regulations$1#hr solutions staffing$1#oncallcounsel$1#on call counsel san francisco$1#waiting on company to do a reference check$1#creative recruiters nyc$1#tenpositions group$1#the tempositions group of companies$1#temporary staffing new york$1#david b  de wetter$1#temposiitions$1#temporary employment agencies$1#temp positions in new york$1#temporary staffing agencies nyc
/site/contactus.aspx$3#tempositions$3#tempositions contact$1#compuforce sf
/site/hrnews.aspx$3#staff
/site/division_bios.aspx$3#division bios
/site/work.aspx$3#looking
/site/home.aspxTips/Tip5.html$3#magillstaff com
/site/news.aspx$3#jim essey
/site/home.aspxindex.html$3#magill
/site/dp/doesp/contact.html$3#school professionals com
/site/announce.aspx$2#looking
/site/dp/ses/eng/ses_main.html$1#schoolprofessionals
/site/hrnews/HR_Roundtable_May_2009.pdf$2#sample policies on personal texting and cell phone usage in the workplace
/site/dp/doesp/web_services/DOE_New_Orders/DOE_Web_New_Orders.asmx$2#ret doe new orders
/site/dp/doesp/web_services/DOE_New_Orders/DOE_Web_New_Orders.asmx/Ret_DOE_New_Orders$2#ret doe new orders
/newtp/edenhospitality/salaryandbenefits.asp$2#tempositions eden hospitality
/ewa/default_ssl.asp$3#login$1#tempositions com$1#tempositions ewa$1#tempositions$1#temposition  ewa
/tp_start_page.asp$22#tempositions$11#temp agencies nyc$11#compuforce$8#temp positions$6#nyc temp agencies$3#on call counsel$3#tempositions group of companies$2#temp postions$2#temp agency new york city$2#temp agency nyc$2#temporary employment agencies wall st$1#temporary sf position$1#hr temp agencies nyc$1#what are tem positions$1#hr staffing solutions$1#temp agency  new york city$1#tem positions group queens$1#temporary employment agenciew in new york$1#eden hospitality$1#temppositions$1#temp agencies in nyc$1#temporary employment agencies nyc$1#eden staffing$1#tempositions inc$1#desktopgroup com$1#temp agencies norwalk ct$1#temporary employment agency norwalk$1#group of companies home$1#temp staffing agencies in nyc$1#compuforce tech$1#hospitality employment agencies nyc$1#temporary employment staffing agency new york$1#list of temporary employment agencies$1#temp agency$1#tempositions com$1#temp positions sf$1#temp agency new york$1#new york city employment agencies   it positions$1#temp human resources agencies nyc$1#temppositions com$1#temp  emploment agencys in new york$1#vintage temp positions$1#temp agency in new york$1#counsel on call
/newtp/generaloffice/generaloffice.asp$1#tempositions$1#temppositions com
/ib/ros/login/get-password.asp$1#password
/schoolprofessionals/default_recruiting.asp$1#schoolprofessionals com
/newtp/index.html$1#tempositions$1#staffing agencies$1#tempositions san francisco$1#temp agencies melville ny$1#temp positions
/occ/executives.html$1#on call counsel peter smith
/newtp/edenhospitality/currentopeningslistings.asp$1#eden hospitality
/newtp/hrroundtable/102002.htm$1#by law health screening questions employers may ask prospective employees$1#can an employer make an applicant pay for a consumer report$1#nys law where drug testing must be done private employers
/schoolprofessionals/default_new.asp$7#school professionals$2#schoolprofessionals$1#the school proffessinals$1#schoolprofessionals com$1#school professionals com
/newtp/hrroundtable/062006.htm$1#tell employee she is not dressing professional hair color
/newtp/hrroundtable/052003.htm$1#innovative hr round table with employees
/newtp/tempedenrand/index.html$1#tempositions
/newtp/hrroundtable/article_respect.htm$1#sexual
/newtp/recentpress.html$1#jim essey
/cwa/default.asp$2#password
/ib/ros/default.asp$2#password
/newtp/edenhospitality/hospitality.htm$1#tempositions
/newtp/hrstaffing/hrstaffing.asp$1#hr staffing solutions$1#hr staffing
/ewa/default.asp$3#tempositions$2#tempositions com$2#tempositions ewa$2#temposition  ewa
/newtp/hrroundtable/102006.htm$1#toronda miller nyc$1#true zoom off  iceurlflag    iceurl true
/schoolprofessionals/send_email_request_more_info.asp$1#email
/newtp/hrroundtable/pastnotes.asp$1#marc goloven
/thc/default.htm$1#tempositions health care
